{"/Users/arram/code-challenges/Church-Community-Builder/frontend/src/APIkey.js": {"path":"/Users/arram/code-challenges/Church-Community-Builder/frontend/src/APIkey.js","statementMap":{"0":{"start":{"line":1,"column":22},"end":{"line":1,"column":56}}},"fnMap":{},"branchMap":{},"s":{"0":2},"f":{},"b":{},"_coverageSchema":"43e27e138ebf9cfc5966b082cf9a028302ed4184","hash":"8312686f343c695997a6fedf6c30d34b77aad32a"}
,"/Users/arram/code-challenges/Church-Community-Builder/frontend/src/APImethods.js": {"path":"/Users/arram/code-challenges/Church-Community-Builder/frontend/src/APImethods.js","statementMap":{"0":{"start":{"line":3,"column":35},"end":{"line":7,"column":1}},"1":{"start":{"line":4,"column":2},"end":{"line":6,"column":36}},"2":{"start":{"line":5,"column":22},"end":{"line":5,"column":37}},"3":{"start":{"line":6,"column":18},"end":{"line":6,"column":34}},"4":{"start":{"line":9,"column":31},"end":{"line":13,"column":1}},"5":{"start":{"line":10,"column":2},"end":{"line":12,"column":36}},"6":{"start":{"line":11,"column":22},"end":{"line":11,"column":37}},"7":{"start":{"line":12,"column":18},"end":{"line":12,"column":34}}},"fnMap":{"0":{"name":"(anonymous_0)","decl":{"start":{"line":3,"column":35},"end":{"line":3,"column":36}},"loc":{"start":{"line":3,"column":47},"end":{"line":7,"column":1}},"line":3},"1":{"name":"(anonymous_1)","decl":{"start":{"line":5,"column":10},"end":{"line":5,"column":11}},"loc":{"start":{"line":5,"column":22},"end":{"line":5,"column":37}},"line":5},"2":{"name":"(anonymous_2)","decl":{"start":{"line":6,"column":11},"end":{"line":6,"column":12}},"loc":{"start":{"line":6,"column":18},"end":{"line":6,"column":34}},"line":6},"3":{"name":"(anonymous_3)","decl":{"start":{"line":9,"column":31},"end":{"line":9,"column":32}},"loc":{"start":{"line":9,"column":42},"end":{"line":13,"column":1}},"line":9},"4":{"name":"(anonymous_4)","decl":{"start":{"line":11,"column":10},"end":{"line":11,"column":11}},"loc":{"start":{"line":11,"column":22},"end":{"line":11,"column":37}},"line":11},"5":{"name":"(anonymous_5)","decl":{"start":{"line":12,"column":11},"end":{"line":12,"column":12}},"loc":{"start":{"line":12,"column":18},"end":{"line":12,"column":34}},"line":12}},"branchMap":{},"s":{"0":2,"1":2,"2":2,"3":0,"4":2,"5":2,"6":2,"7":0},"f":{"0":2,"1":2,"2":0,"3":2,"4":2,"5":0},"b":{},"_coverageSchema":"43e27e138ebf9cfc5966b082cf9a028302ed4184","hash":"98dcf76f1dfea0db377cc0d0cc0ebcdbe7d97e0c"}
,"/Users/arram/code-challenges/Church-Community-Builder/frontend/src/setupTests.js": {"path":"/Users/arram/code-challenges/Church-Community-Builder/frontend/src/setupTests.js","statementMap":{"0":{"start":{"line":4,"column":0},"end":{"line":4,"column":38}}},"fnMap":{},"branchMap":{},"s":{"0":5},"f":{},"b":{},"_coverageSchema":"43e27e138ebf9cfc5966b082cf9a028302ed4184","hash":"c653abdc42abb3847580d3634bb10d8ce832127d"}
,"/Users/arram/code-challenges/Church-Community-Builder/frontend/src/app/App.js": {"path":"/Users/arram/code-challenges/Church-Community-Builder/frontend/src/app/App.js","statementMap":{"0":{"start":{"line":12,"column":4},"end":{"line":12,"column":11}},"1":{"start":{"line":13,"column":4},"end":{"line":20,"column":5}},"2":{"start":{"line":21,"column":4},"end":{"line":21,"column":59}},"3":{"start":{"line":22,"column":4},"end":{"line":22,"column":57}},"4":{"start":{"line":23,"column":4},"end":{"line":23,"column":53}},"5":{"start":{"line":24,"column":4},"end":{"line":24,"column":47}},"6":{"start":{"line":25,"column":4},"end":{"line":25,"column":63}},"7":{"start":{"line":29,"column":4},"end":{"line":31,"column":6}},"8":{"start":{"line":35,"column":4},"end":{"line":35,"column":27}},"9":{"start":{"line":36,"column":4},"end":{"line":48,"column":6}},"10":{"start":{"line":37,"column":6},"end":{"line":47,"column":7}},"11":{"start":{"line":38,"column":8},"end":{"line":44,"column":51}},"12":{"start":{"line":39,"column":26},"end":{"line":39,"column":71}},"13":{"start":{"line":41,"column":12},"end":{"line":43,"column":13}},"14":{"start":{"line":42,"column":14},"end":{"line":42,"column":35}},"15":{"start":{"line":44,"column":26},"end":{"line":44,"column":50}},"16":{"start":{"line":45,"column":13},"end":{"line":47,"column":7}},"17":{"start":{"line":46,"column":10},"end":{"line":46,"column":31}},"18":{"start":{"line":49,"column":4},"end":{"line":49,"column":45}},"19":{"start":{"line":53,"column":48},"end":{"line":53,"column":58}},"20":{"start":{"line":54,"column":20},"end":{"line":61,"column":10}},"21":{"start":{"line":55,"column":6},"end":{"line":59,"column":7}},"22":{"start":{"line":56,"column":26},"end":{"line":57,"column":67}},"23":{"start":{"line":57,"column":10},"end":{"line":57,"column":66}},"24":{"start":{"line":58,"column":8},"end":{"line":58,"column":44}},"25":{"start":{"line":58,"column":24},"end":{"line":58,"column":44}},"26":{"start":{"line":60,"column":6},"end":{"line":60,"column":21}},"27":{"start":{"line":62,"column":4},"end":{"line":65,"column":6}},"28":{"start":{"line":69,"column":4},"end":{"line":75,"column":7}},"29":{"start":{"line":70,"column":21},"end":{"line":70,"column":42}},"30":{"start":{"line":71,"column":21},"end":{"line":71,"column":42}},"31":{"start":{"line":72,"column":6},"end":{"line":72,"column":36}},"32":{"start":{"line":72,"column":27},"end":{"line":72,"column":36}},"33":{"start":{"line":73,"column":6},"end":{"line":73,"column":37}},"34":{"start":{"line":73,"column":27},"end":{"line":73,"column":37}},"35":{"start":{"line":74,"column":6},"end":{"line":74,"column":15}},"36":{"start":{"line":79,"column":21},"end":{"line":79,"column":32}},"37":{"start":{"line":80,"column":4},"end":{"line":88,"column":5}},"38":{"start":{"line":81,"column":6},"end":{"line":87,"column":47}},"39":{"start":{"line":83,"column":31},"end":{"line":83,"column":54}},"40":{"start":{"line":84,"column":10},"end":{"line":84,"column":53}},"41":{"start":{"line":87,"column":22},"end":{"line":87,"column":46}},"42":{"start":{"line":92,"column":4},"end":{"line":102,"column":45}},"43":{"start":{"line":94,"column":8},"end":{"line":94,"column":42}},"44":{"start":{"line":95,"column":8},"end":{"line":95,"column":21}},"45":{"start":{"line":98,"column":8},"end":{"line":100,"column":9}},"46":{"start":{"line":99,"column":10},"end":{"line":99,"column":55}},"47":{"start":{"line":102,"column":20},"end":{"line":102,"column":44}},"48":{"start":{"line":106,"column":22},"end":{"line":106,"column":37}},"49":{"start":{"line":107,"column":4},"end":{"line":107,"column":60}},"50":{"start":{"line":111,"column":4},"end":{"line":117,"column":45}},"51":{"start":{"line":113,"column":29},"end":{"line":113,"column":52}},"52":{"start":{"line":114,"column":8},"end":{"line":114,"column":52}},"53":{"start":{"line":116,"column":18},"end":{"line":116,"column":57}},"54":{"start":{"line":117,"column":20},"end":{"line":117,"column":44}},"55":{"start":{"line":121,"column":4},"end":{"line":146,"column":5}},"56":{"start":{"line":125,"column":25},"end":{"line":125,"column":64}},"57":{"start":{"line":135,"column":27},"end":{"line":135,"column":48}},"58":{"start":{"line":136,"column":10},"end":{"line":143,"column":11}},"59":{"start":{"line":150,"column":0},"end":{"line":154,"column":1}}},"fnMap":{"0":{"name":"(anonymous_0)","decl":{"start":{"line":11,"column":2},"end":{"line":11,"column":3}},"loc":{"start":{"line":11,"column":16},"end":{"line":26,"column":3}},"line":11},"1":{"name":"(anonymous_1)","decl":{"start":{"line":28,"column":2},"end":{"line":28,"column":3}},"loc":{"start":{"line":28,"column":21},"end":{"line":32,"column":3}},"line":28},"2":{"name":"(anonymous_2)","decl":{"start":{"line":34,"column":2},"end":{"line":34,"column":3}},"loc":{"start":{"line":34,"column":22},"end":{"line":50,"column":3}},"line":34},"3":{"name":"(anonymous_3)","decl":{"start":{"line":36,"column":37},"end":{"line":36,"column":38}},"loc":{"start":{"line":36,"column":60},"end":{"line":48,"column":5}},"line":36},"4":{"name":"(anonymous_4)","decl":{"start":{"line":39,"column":16},"end":{"line":39,"column":17}},"loc":{"start":{"line":39,"column":26},"end":{"line":39,"column":71}},"line":39},"5":{"name":"(anonymous_5)","decl":{"start":{"line":40,"column":16},"end":{"line":40,"column":17}},"loc":{"start":{"line":40,"column":22},"end":{"line":44,"column":11}},"line":40},"6":{"name":"(anonymous_6)","decl":{"start":{"line":44,"column":19},"end":{"line":44,"column":20}},"loc":{"start":{"line":44,"column":26},"end":{"line":44,"column":50}},"line":44},"7":{"name":"(anonymous_7)","decl":{"start":{"line":52,"column":2},"end":{"line":52,"column":3}},"loc":{"start":{"line":52,"column":18},"end":{"line":66,"column":3}},"line":52},"8":{"name":"(anonymous_8)","decl":{"start":{"line":54,"column":70},"end":{"line":54,"column":71}},"loc":{"start":{"line":54,"column":90},"end":{"line":61,"column":5}},"line":54},"9":{"name":"(anonymous_9)","decl":{"start":{"line":56,"column":39},"end":{"line":56,"column":40}},"loc":{"start":{"line":57,"column":10},"end":{"line":57,"column":66}},"line":57},"10":{"name":"(anonymous_10)","decl":{"start":{"line":68,"column":2},"end":{"line":68,"column":3}},"loc":{"start":{"line":68,"column":21},"end":{"line":76,"column":3}},"line":68},"11":{"name":"(anonymous_11)","decl":{"start":{"line":69,"column":31},"end":{"line":69,"column":32}},"loc":{"start":{"line":69,"column":41},"end":{"line":75,"column":5}},"line":69},"12":{"name":"(anonymous_12)","decl":{"start":{"line":78,"column":2},"end":{"line":78,"column":3}},"loc":{"start":{"line":78,"column":20},"end":{"line":89,"column":3}},"line":78},"13":{"name":"(anonymous_13)","decl":{"start":{"line":82,"column":14},"end":{"line":82,"column":15}},"loc":{"start":{"line":82,"column":24},"end":{"line":86,"column":9}},"line":82},"14":{"name":"(anonymous_14)","decl":{"start":{"line":87,"column":15},"end":{"line":87,"column":16}},"loc":{"start":{"line":87,"column":22},"end":{"line":87,"column":46}},"line":87},"15":{"name":"(anonymous_15)","decl":{"start":{"line":91,"column":2},"end":{"line":91,"column":3}},"loc":{"start":{"line":91,"column":16},"end":{"line":103,"column":3}},"line":91},"16":{"name":"(anonymous_16)","decl":{"start":{"line":93,"column":12},"end":{"line":93,"column":13}},"loc":{"start":{"line":93,"column":21},"end":{"line":96,"column":7}},"line":93},"17":{"name":"(anonymous_17)","decl":{"start":{"line":97,"column":12},"end":{"line":97,"column":13}},"loc":{"start":{"line":97,"column":21},"end":{"line":101,"column":7}},"line":97},"18":{"name":"(anonymous_18)","decl":{"start":{"line":102,"column":13},"end":{"line":102,"column":14}},"loc":{"start":{"line":102,"column":20},"end":{"line":102,"column":44}},"line":102},"19":{"name":"(anonymous_19)","decl":{"start":{"line":105,"column":2},"end":{"line":105,"column":3}},"loc":{"start":{"line":105,"column":26},"end":{"line":108,"column":3}},"line":105},"20":{"name":"(anonymous_20)","decl":{"start":{"line":110,"column":2},"end":{"line":110,"column":3}},"loc":{"start":{"line":110,"column":22},"end":{"line":118,"column":3}},"line":110},"21":{"name":"(anonymous_21)","decl":{"start":{"line":112,"column":12},"end":{"line":112,"column":13}},"loc":{"start":{"line":112,"column":22},"end":{"line":115,"column":7}},"line":112},"22":{"name":"(anonymous_22)","decl":{"start":{"line":116,"column":12},"end":{"line":116,"column":13}},"loc":{"start":{"line":116,"column":18},"end":{"line":116,"column":57}},"line":116},"23":{"name":"(anonymous_23)","decl":{"start":{"line":117,"column":13},"end":{"line":117,"column":14}},"loc":{"start":{"line":117,"column":20},"end":{"line":117,"column":44}},"line":117},"24":{"name":"(anonymous_24)","decl":{"start":{"line":120,"column":2},"end":{"line":120,"column":3}},"loc":{"start":{"line":120,"column":11},"end":{"line":147,"column":3}},"line":120},"25":{"name":"(anonymous_25)","decl":{"start":{"line":125,"column":19},"end":{"line":125,"column":20}},"loc":{"start":{"line":125,"column":25},"end":{"line":125,"column":64}},"line":125},"26":{"name":"(anonymous_26)","decl":{"start":{"line":134,"column":41},"end":{"line":134,"column":42}},"loc":{"start":{"line":134,"column":56},"end":{"line":144,"column":9}},"line":134}},"branchMap":{"0":{"loc":{"start":{"line":37,"column":6},"end":{"line":47,"column":7}},"type":"if","locations":[{"start":{"line":37,"column":6},"end":{"line":47,"column":7}},{"start":{"line":37,"column":6},"end":{"line":47,"column":7}}],"line":37},"1":{"loc":{"start":{"line":41,"column":12},"end":{"line":43,"column":13}},"type":"if","locations":[{"start":{"line":41,"column":12},"end":{"line":43,"column":13}},{"start":{"line":41,"column":12},"end":{"line":43,"column":13}}],"line":41},"2":{"loc":{"start":{"line":45,"column":13},"end":{"line":47,"column":7}},"type":"if","locations":[{"start":{"line":45,"column":13},"end":{"line":47,"column":7}},{"start":{"line":45,"column":13},"end":{"line":47,"column":7}}],"line":45},"3":{"loc":{"start":{"line":55,"column":6},"end":{"line":59,"column":7}},"type":"if","locations":[{"start":{"line":55,"column":6},"end":{"line":59,"column":7}},{"start":{"line":55,"column":6},"end":{"line":59,"column":7}}],"line":55},"4":{"loc":{"start":{"line":58,"column":8},"end":{"line":58,"column":44}},"type":"if","locations":[{"start":{"line":58,"column":8},"end":{"line":58,"column":44}},{"start":{"line":58,"column":8},"end":{"line":58,"column":44}}],"line":58},"5":{"loc":{"start":{"line":72,"column":6},"end":{"line":72,"column":36}},"type":"if","locations":[{"start":{"line":72,"column":6},"end":{"line":72,"column":36}},{"start":{"line":72,"column":6},"end":{"line":72,"column":36}}],"line":72},"6":{"loc":{"start":{"line":73,"column":6},"end":{"line":73,"column":37}},"type":"if","locations":[{"start":{"line":73,"column":6},"end":{"line":73,"column":37}},{"start":{"line":73,"column":6},"end":{"line":73,"column":37}}],"line":73},"7":{"loc":{"start":{"line":80,"column":4},"end":{"line":88,"column":5}},"type":"if","locations":[{"start":{"line":80,"column":4},"end":{"line":88,"column":5}},{"start":{"line":80,"column":4},"end":{"line":88,"column":5}}],"line":80},"8":{"loc":{"start":{"line":98,"column":8},"end":{"line":100,"column":9}},"type":"if","locations":[{"start":{"line":98,"column":8},"end":{"line":100,"column":9}},{"start":{"line":98,"column":8},"end":{"line":100,"column":9}}],"line":98}},"s":{"0":5,"1":5,"2":5,"3":5,"4":5,"5":5,"6":5,"7":2,"8":1,"9":1,"10":2,"11":2,"12":2,"13":2,"14":1,"15":0,"16":0,"17":0,"18":1,"19":1,"20":1,"21":5,"22":3,"23":3,"24":3,"25":3,"26":5,"27":1,"28":0,"29":0,"30":0,"31":0,"32":0,"33":0,"34":0,"35":0,"36":0,"37":0,"38":0,"39":0,"40":0,"41":0,"42":0,"43":0,"44":0,"45":0,"46":0,"47":0,"48":1,"49":1,"50":0,"51":0,"52":0,"53":0,"54":0,"55":11,"56":0,"57":0,"58":0,"59":1},"f":{"0":5,"1":2,"2":1,"3":2,"4":2,"5":2,"6":0,"7":1,"8":5,"9":3,"10":0,"11":0,"12":0,"13":0,"14":0,"15":0,"16":0,"17":0,"18":0,"19":1,"20":0,"21":0,"22":0,"23":0,"24":11,"25":0,"26":0},"b":{"0":[2,0],"1":[1,1],"2":[0,0],"3":[3,2],"4":[3,0],"5":[0,0],"6":[0,0],"7":[0,0],"8":[0,0]},"_coverageSchema":"43e27e138ebf9cfc5966b082cf9a028302ed4184","hash":"c85a2b687dbdb0b24e88d07448fe45dcf9231f37"}
,"/Users/arram/code-challenges/Church-Community-Builder/frontend/src/header/Header.js": {"path":"/Users/arram/code-challenges/Church-Community-Builder/frontend/src/header/Header.js","statementMap":{"0":{"start":{"line":6,"column":15},"end":{"line":38,"column":1}},"1":{"start":{"line":7,"column":2},"end":{"line":37,"column":3}},"2":{"start":{"line":40,"column":0},"end":{"line":46,"column":1}}},"fnMap":{"0":{"name":"(anonymous_0)","decl":{"start":{"line":6,"column":15},"end":{"line":6,"column":16}},"loc":{"start":{"line":6,"column":93},"end":{"line":38,"column":1}},"line":6}},"branchMap":{"0":{"loc":{"start":{"line":13,"column":22},"end":{"line":13,"column":84}},"type":"cond-expr","locations":[{"start":{"line":13,"column":61},"end":{"line":13,"column":79}},{"start":{"line":13,"column":82},"end":{"line":13,"column":84}}],"line":13},"1":{"loc":{"start":{"line":20,"column":22},"end":{"line":20,"column":103}},"type":"cond-expr","locations":[{"start":{"line":20,"column":57},"end":{"line":20,"column":87}},{"start":{"line":20,"column":90},"end":{"line":20,"column":103}}],"line":20},"2":{"loc":{"start":{"line":27,"column":21},"end":{"line":27,"column":81}},"type":"cond-expr","locations":[{"start":{"line":27,"column":58},"end":{"line":27,"column":76}},{"start":{"line":27,"column":79},"end":{"line":27,"column":81}}],"line":27}},"s":{"0":2,"1":17,"2":2},"f":{"0":17},"b":{"0":[2,15],"1":[2,15],"2":[2,15]},"_coverageSchema":"43e27e138ebf9cfc5966b082cf9a028302ed4184","hash":"d4629cb4b882b0389c0f121772f4c2acc502dea7"}
,"/Users/arram/code-challenges/Church-Community-Builder/frontend/src/movie/Movie.js": {"path":"/Users/arram/code-challenges/Church-Community-Builder/frontend/src/movie/Movie.js","statementMap":{"0":{"start":{"line":5,"column":14},"end":{"line":26,"column":1}},"1":{"start":{"line":6,"column":21},"end":{"line":6,"column":63}},"2":{"start":{"line":7,"column":2},"end":{"line":25,"column":3}},"3":{"start":{"line":11,"column":10},"end":{"line":11,"column":29}},"4":{"start":{"line":28,"column":0},"end":{"line":33,"column":1}}},"fnMap":{"0":{"name":"(anonymous_0)","decl":{"start":{"line":5,"column":14},"end":{"line":5,"column":15}},"loc":{"start":{"line":5,"column":69},"end":{"line":26,"column":1}},"line":5},"1":{"name":"(anonymous_1)","decl":{"start":{"line":10,"column":17},"end":{"line":10,"column":18}},"loc":{"start":{"line":10,"column":23},"end":{"line":12,"column":9}},"line":10}},"branchMap":{"0":{"loc":{"start":{"line":9,"column":20},"end":{"line":9,"column":57}},"type":"cond-expr","locations":[{"start":{"line":9,"column":33},"end":{"line":9,"column":47}},{"start":{"line":9,"column":50},"end":{"line":9,"column":57}}],"line":9},"1":{"loc":{"start":{"line":16,"column":10},"end":{"line":21,"column":21}},"type":"cond-expr","locations":[{"start":{"line":17,"column":10},"end":{"line":21,"column":16}},{"start":{"line":21,"column":19},"end":{"line":21,"column":21}}],"line":16}},"s":{"0":3,"1":8,"2":8,"3":1,"4":3},"f":{"0":8,"1":1},"b":{"0":[3,5],"1":[3,5]},"_coverageSchema":"43e27e138ebf9cfc5966b082cf9a028302ed4184","hash":"2b473819364309fb21fdb459eda6c0142bf63147"}
,"/Users/arram/code-challenges/Church-Community-Builder/frontend/src/movies-container/MoviesContainer.js": {"path":"/Users/arram/code-challenges/Church-Community-Builder/frontend/src/movies-container/MoviesContainer.js","statementMap":{"0":{"start":{"line":6,"column":23},"end":{"line":20,"column":1}},"1":{"start":{"line":7,"column":2},"end":{"line":19,"column":3}},"2":{"start":{"line":10,"column":10},"end":{"line":16,"column":12}},"3":{"start":{"line":22,"column":0},"end":{"line":27,"column":1}}},"fnMap":{"0":{"name":"(anonymous_0)","decl":{"start":{"line":6,"column":23},"end":{"line":6,"column":24}},"loc":{"start":{"line":6,"column":79},"end":{"line":20,"column":1}},"line":6},"1":{"name":"(anonymous_1)","decl":{"start":{"line":9,"column":19},"end":{"line":9,"column":20}},"loc":{"start":{"line":10,"column":10},"end":{"line":16,"column":12}},"line":10}},"branchMap":{"0":{"loc":{"start":{"line":8,"column":25},"end":{"line":8,"column":107}},"type":"cond-expr","locations":[{"start":{"line":8,"column":63},"end":{"line":8,"column":87}},{"start":{"line":8,"column":90},"end":{"line":8,"column":107}}],"line":8}},"s":{"0":2,"1":8,"2":16,"3":2},"f":{"0":8,"1":16},"b":{"0":[3,5]},"_coverageSchema":"43e27e138ebf9cfc5966b082cf9a028302ed4184","hash":"552e91e5a83048ca6d1298a52840821443b1d8ff"}
}
