{"/Users/arram/code-challenges/Church-Community-Builder/frontend/src/setupTests.js": {"path":"/Users/arram/code-challenges/Church-Community-Builder/frontend/src/setupTests.js","statementMap":{"0":{"start":{"line":4,"column":0},"end":{"line":4,"column":38}}},"fnMap":{},"branchMap":{},"s":{"0":3},"f":{},"b":{},"_coverageSchema":"43e27e138ebf9cfc5966b082cf9a028302ed4184","hash":"c653abdc42abb3847580d3634bb10d8ce832127d"}
,"/Users/arram/code-challenges/Church-Community-Builder/frontend/src/header/Header.js": {"path":"/Users/arram/code-challenges/Church-Community-Builder/frontend/src/header/Header.js","statementMap":{"0":{"start":{"line":6,"column":15},"end":{"line":38,"column":1}},"1":{"start":{"line":7,"column":2},"end":{"line":37,"column":3}},"2":{"start":{"line":40,"column":0},"end":{"line":46,"column":1}}},"fnMap":{"0":{"name":"(anonymous_0)","decl":{"start":{"line":6,"column":15},"end":{"line":6,"column":16}},"loc":{"start":{"line":6,"column":93},"end":{"line":38,"column":1}},"line":6}},"branchMap":{"0":{"loc":{"start":{"line":13,"column":22},"end":{"line":13,"column":84}},"type":"cond-expr","locations":[{"start":{"line":13,"column":61},"end":{"line":13,"column":79}},{"start":{"line":13,"column":82},"end":{"line":13,"column":84}}],"line":13},"1":{"loc":{"start":{"line":20,"column":22},"end":{"line":20,"column":103}},"type":"cond-expr","locations":[{"start":{"line":20,"column":57},"end":{"line":20,"column":87}},{"start":{"line":20,"column":90},"end":{"line":20,"column":103}}],"line":20},"2":{"loc":{"start":{"line":27,"column":21},"end":{"line":27,"column":81}},"type":"cond-expr","locations":[{"start":{"line":27,"column":58},"end":{"line":27,"column":76}},{"start":{"line":27,"column":79},"end":{"line":27,"column":81}}],"line":27}},"s":{"0":1,"1":17,"2":1},"f":{"0":17},"b":{"0":[2,15],"1":[2,15],"2":[2,15]},"_coverageSchema":"43e27e138ebf9cfc5966b082cf9a028302ed4184","hash":"d4629cb4b882b0389c0f121772f4c2acc502dea7"}
,"/Users/arram/code-challenges/Church-Community-Builder/frontend/src/movie/Movie.js": {"path":"/Users/arram/code-challenges/Church-Community-Builder/frontend/src/movie/Movie.js","statementMap":{"0":{"start":{"line":5,"column":14},"end":{"line":26,"column":1}},"1":{"start":{"line":6,"column":21},"end":{"line":6,"column":63}},"2":{"start":{"line":7,"column":2},"end":{"line":25,"column":3}},"3":{"start":{"line":11,"column":10},"end":{"line":11,"column":29}},"4":{"start":{"line":28,"column":0},"end":{"line":33,"column":1}}},"fnMap":{"0":{"name":"(anonymous_0)","decl":{"start":{"line":5,"column":14},"end":{"line":5,"column":15}},"loc":{"start":{"line":5,"column":69},"end":{"line":26,"column":1}},"line":5},"1":{"name":"(anonymous_1)","decl":{"start":{"line":10,"column":17},"end":{"line":10,"column":18}},"loc":{"start":{"line":10,"column":23},"end":{"line":12,"column":9}},"line":10}},"branchMap":{"0":{"loc":{"start":{"line":9,"column":20},"end":{"line":9,"column":57}},"type":"cond-expr","locations":[{"start":{"line":9,"column":33},"end":{"line":9,"column":47}},{"start":{"line":9,"column":50},"end":{"line":9,"column":57}}],"line":9},"1":{"loc":{"start":{"line":16,"column":10},"end":{"line":21,"column":21}},"type":"cond-expr","locations":[{"start":{"line":17,"column":10},"end":{"line":21,"column":16}},{"start":{"line":21,"column":19},"end":{"line":21,"column":21}}],"line":16}},"s":{"0":2,"1":8,"2":8,"3":1,"4":2},"f":{"0":8,"1":1},"b":{"0":[3,5],"1":[3,5]},"_coverageSchema":"43e27e138ebf9cfc5966b082cf9a028302ed4184","hash":"2b473819364309fb21fdb459eda6c0142bf63147"}
,"/Users/arram/code-challenges/Church-Community-Builder/frontend/src/movies-container/MoviesContainer.js": {"path":"/Users/arram/code-challenges/Church-Community-Builder/frontend/src/movies-container/MoviesContainer.js","statementMap":{"0":{"start":{"line":6,"column":23},"end":{"line":20,"column":1}},"1":{"start":{"line":7,"column":2},"end":{"line":19,"column":3}},"2":{"start":{"line":10,"column":10},"end":{"line":16,"column":12}},"3":{"start":{"line":22,"column":0},"end":{"line":27,"column":1}}},"fnMap":{"0":{"name":"(anonymous_0)","decl":{"start":{"line":6,"column":23},"end":{"line":6,"column":24}},"loc":{"start":{"line":6,"column":79},"end":{"line":20,"column":1}},"line":6},"1":{"name":"(anonymous_1)","decl":{"start":{"line":9,"column":19},"end":{"line":9,"column":20}},"loc":{"start":{"line":10,"column":10},"end":{"line":16,"column":12}},"line":10}},"branchMap":{"0":{"loc":{"start":{"line":8,"column":25},"end":{"line":8,"column":107}},"type":"cond-expr","locations":[{"start":{"line":8,"column":63},"end":{"line":8,"column":87}},{"start":{"line":8,"column":90},"end":{"line":8,"column":107}}],"line":8}},"s":{"0":1,"1":8,"2":16,"3":1},"f":{"0":8,"1":16},"b":{"0":[3,5]},"_coverageSchema":"43e27e138ebf9cfc5966b082cf9a028302ed4184","hash":"552e91e5a83048ca6d1298a52840821443b1d8ff"}
}
