TN:
SF:/Users/arram/code-challenges/Church-Community-Builder/frontend/src/APIkey.js
FNF:0
FNH:0
DA:1,1
LF:1
LH:1
BRF:0
BRH:0
end_of_record
TN:
SF:/Users/arram/code-challenges/Church-Community-Builder/frontend/src/APImethods.js
FN:3,(anonymous_0)
FN:5,(anonymous_1)
FN:6,(anonymous_2)
FN:9,(anonymous_3)
FN:11,(anonymous_4)
FN:12,(anonymous_5)
FNF:6
FNH:0
FNDA:0,(anonymous_0)
FNDA:0,(anonymous_1)
FNDA:0,(anonymous_2)
FNDA:0,(anonymous_3)
FNDA:0,(anonymous_4)
FNDA:0,(anonymous_5)
DA:3,1
DA:4,0
DA:5,0
DA:6,0
DA:9,1
DA:10,0
DA:11,0
DA:12,0
LF:8
LH:2
BRF:0
BRH:0
end_of_record
TN:
SF:/Users/arram/code-challenges/Church-Community-Builder/frontend/src/setupTests.js
FNF:0
FNH:0
DA:4,4
LF:1
LH:1
BRF:0
BRH:0
end_of_record
TN:
SF:/Users/arram/code-challenges/Church-Community-Builder/frontend/src/app/App.js
FN:11,(anonymous_0)
FN:28,(anonymous_1)
FN:34,(anonymous_2)
FN:36,(anonymous_3)
FN:39,(anonymous_4)
FN:40,(anonymous_5)
FN:44,(anonymous_6)
FN:52,(anonymous_7)
FN:54,(anonymous_8)
FN:56,(anonymous_9)
FN:68,(anonymous_10)
FN:69,(anonymous_11)
FN:78,(anonymous_12)
FN:82,(anonymous_13)
FN:87,(anonymous_14)
FN:91,(anonymous_15)
FN:93,(anonymous_16)
FN:97,(anonymous_17)
FN:102,(anonymous_18)
FN:105,(anonymous_19)
FN:110,(anonymous_20)
FN:112,(anonymous_21)
FN:116,(anonymous_22)
FN:117,(anonymous_23)
FN:120,(anonymous_24)
FN:125,(anonymous_25)
FN:134,(anonymous_26)
FNF:27
FNH:7
FNDA:4,(anonymous_0)
FNDA:2,(anonymous_1)
FNDA:0,(anonymous_2)
FNDA:0,(anonymous_3)
FNDA:0,(anonymous_4)
FNDA:0,(anonymous_5)
FNDA:0,(anonymous_6)
FNDA:1,(anonymous_7)
FNDA:5,(anonymous_8)
FNDA:3,(anonymous_9)
FNDA:0,(anonymous_10)
FNDA:0,(anonymous_11)
FNDA:0,(anonymous_12)
FNDA:0,(anonymous_13)
FNDA:0,(anonymous_14)
FNDA:0,(anonymous_15)
FNDA:0,(anonymous_16)
FNDA:0,(anonymous_17)
FNDA:0,(anonymous_18)
FNDA:1,(anonymous_19)
FNDA:0,(anonymous_20)
FNDA:0,(anonymous_21)
FNDA:0,(anonymous_22)
FNDA:0,(anonymous_23)
FNDA:8,(anonymous_24)
FNDA:0,(anonymous_25)
FNDA:0,(anonymous_26)
DA:12,4
DA:13,4
DA:21,4
DA:22,4
DA:23,4
DA:24,4
DA:25,4
DA:29,2
DA:35,0
DA:36,0
DA:37,0
DA:38,0
DA:39,0
DA:41,0
DA:42,0
DA:44,0
DA:45,0
DA:46,0
DA:49,0
DA:53,1
DA:54,1
DA:55,5
DA:56,3
DA:57,3
DA:58,3
DA:60,5
DA:62,1
DA:69,0
DA:70,0
DA:71,0
DA:72,0
DA:73,0
DA:74,0
DA:79,0
DA:80,0
DA:81,0
DA:83,0
DA:84,0
DA:87,0
DA:92,0
DA:94,0
DA:95,0
DA:98,0
DA:99,0
DA:102,0
DA:106,1
DA:107,1
DA:111,0
DA:113,0
DA:114,0
DA:116,0
DA:117,0
DA:121,8
DA:125,0
DA:135,0
DA:136,0
DA:150,1
LF:57
LH:20
BRDA:37,0,0,0
BRDA:37,0,1,0
BRDA:41,1,0,0
BRDA:41,1,1,0
BRDA:45,2,0,0
BRDA:45,2,1,0
BRDA:55,3,0,3
BRDA:55,3,1,2
BRDA:58,4,0,3
BRDA:58,4,1,0
BRDA:72,5,0,0
BRDA:72,5,1,0
BRDA:73,6,0,0
BRDA:73,6,1,0
BRDA:80,7,0,0
BRDA:80,7,1,0
BRDA:98,8,0,0
BRDA:98,8,1,0
BRF:18
BRH:3
end_of_record
TN:
SF:/Users/arram/code-challenges/Church-Community-Builder/frontend/src/header/Header.js
FN:6,(anonymous_0)
FNF:1
FNH:1
FNDA:17,(anonymous_0)
DA:6,2
DA:7,17
DA:40,2
LF:3
LH:3
BRDA:13,0,0,2
BRDA:13,0,1,15
BRDA:20,1,0,2
BRDA:20,1,1,15
BRDA:27,2,0,2
BRDA:27,2,1,15
BRF:6
BRH:6
end_of_record
TN:
SF:/Users/arram/code-challenges/Church-Community-Builder/frontend/src/movie/Movie.js
FN:5,(anonymous_0)
FN:10,(anonymous_1)
FNF:2
FNH:2
FNDA:8,(anonymous_0)
FNDA:1,(anonymous_1)
DA:5,3
DA:6,8
DA:7,8
DA:11,1
DA:28,3
LF:5
LH:5
BRDA:9,0,0,3
BRDA:9,0,1,5
BRDA:16,1,0,3
BRDA:16,1,1,5
BRF:4
BRH:4
end_of_record
TN:
SF:/Users/arram/code-challenges/Church-Community-Builder/frontend/src/movies-container/MoviesContainer.js
FN:6,(anonymous_0)
FN:9,(anonymous_1)
FNF:2
FNH:2
FNDA:8,(anonymous_0)
FNDA:16,(anonymous_1)
DA:6,2
DA:7,8
DA:10,16
DA:22,2
LF:4
LH:4
BRDA:8,0,0,3
BRDA:8,0,1,5
BRF:2
BRH:2
end_of_record
