TN:
SF:/Users/arram/code-challenges/Church-Community-Builder/frontend/src/setupTests.js
FNF:0
FNH:0
DA:4,3
LF:1
LH:1
BRF:0
BRH:0
end_of_record
TN:
SF:/Users/arram/code-challenges/Church-Community-Builder/frontend/src/header/Header.js
FN:6,(anonymous_0)
FNF:1
FNH:1
FNDA:17,(anonymous_0)
DA:6,1
DA:7,17
DA:40,1
LF:3
LH:3
BRDA:13,0,0,2
BRDA:13,0,1,15
BRDA:20,1,0,2
BRDA:20,1,1,15
BRDA:27,2,0,2
BRDA:27,2,1,15
BRF:6
BRH:6
end_of_record
TN:
SF:/Users/arram/code-challenges/Church-Community-Builder/frontend/src/movie/Movie.js
FN:5,(anonymous_0)
FN:10,(anonymous_1)
FNF:2
FNH:2
FNDA:8,(anonymous_0)
FNDA:1,(anonymous_1)
DA:5,2
DA:6,8
DA:7,8
DA:11,1
DA:28,2
LF:5
LH:5
BRDA:9,0,0,3
BRDA:9,0,1,5
BRDA:16,1,0,3
BRDA:16,1,1,5
BRF:4
BRH:4
end_of_record
TN:
SF:/Users/arram/code-challenges/Church-Community-Builder/frontend/src/movies-container/MoviesContainer.js
FN:6,(anonymous_0)
FN:9,(anonymous_1)
FNF:2
FNH:2
FNDA:8,(anonymous_0)
FNDA:16,(anonymous_1)
DA:6,1
DA:7,8
DA:10,16
DA:22,1
LF:4
LH:4
BRDA:8,0,0,3
BRDA:8,0,1,5
BRF:2
BRH:2
end_of_record
